<?xml version="1.0" encoding="UTF-8"?>
<!-- Generated by org.testng.reporters.JUnitReportReporter -->
<testsuite hostname="LAPTOP-89O91VTL" failures="0" tests="1" name="com.autolib.cucumber.runners.TestNGRunnerTest" time="3.027" errors="0" timestamp="2023-12-27T01:32:42 EST" skipped="0">
  <testcase classname="com.autolib.cucumber.runners.TestNGRunnerTest" name="runScenario" time="3.027"/>
</testsuite> <!-- com.autolib.cucumber.runners.TestNGRunnerTest -->
